<?xml version="1.0" encoding="UTF-8"?>
<!-- Generated by org.testng.reporters.JUnitReportReporter -->
<testsuite skipped="1" hostname="Ayleens-Air.fios-router.home" name="com.class02.HW" tests="2" failures="0" timestamp="2020-01-13T22:41:30 EST" time="9.400" errors="0">
  <testcase name="validationOfMessage" time="9.400" classname="com.class02.HW"/>
  <testcase name="validationOfLogo" classname="com.class02.HW">
    <skipped/>
  </testcase> <!-- validationOfLogo -->
</testsuite> <!-- com.class02.HW -->
