<?xml version="1.0" encoding="UTF-8"?>
<!-- Generated by org.testng.reporters.JUnitReportReporter -->
<testsuite skipped="0" hostname="Ayleens-Air.fios-router.home" name="com.class02.HWTaskInClass" tests="1" failures="0" timestamp="2020-01-13T20:30:34 EST" time="19.105" errors="0">
  <testcase name="validationOfMessage" time="19.105" classname="com.class02.HWTaskInClass"/>
</testsuite> <!-- com.class02.HWTaskInClass -->
