<?xml version="1.0" encoding="UTF-8"?>
<!-- Generated by org.testng.reporters.JUnitReportReporter -->
<testsuite skipped="0" hostname="Ayleens-Air.fios-router.home" name="com.class01.Task2" tests="2" failures="0" timestamp="2020-01-14T16:52:53 EST" time="0.010" errors="0">
  <testcase name="testOne" time="0.007" classname="com.class01.Task2"/>
  <testcase name="testTwo" time="0.003" classname="com.class01.Task2"/>
</testsuite> <!-- com.class01.Task2 -->
