<?xml version="1.0" encoding="UTF-8"?>
<!-- Generated by org.testng.reporters.JUnitReportReporter -->
<testsuite skipped="0" hostname="Ayleens-Air.fios-router.home" name="com.class01.Task" tests="3" failures="0" timestamp="2020-01-11T14:08:58 EST" time="0.025" errors="0">
  <testcase name="test3" time="0.002" classname="com.class01.Task"/>
  <testcase name="test1" time="0.018" classname="com.class01.Task"/>
  <testcase name="test2" time="0.005" classname="com.class01.Task"/>
</testsuite> <!-- com.class01.Task -->
