<?xml version="1.0" encoding="UTF-8"?>
<!-- Generated by org.testng.reporters.JUnitReportReporter -->
<testsuite skipped="0" hostname="Ayleens-Air.fios-router.home" name="com.class01.TitleLogoAndLoginVerification" tests="3" failures="0" timestamp="2020-01-13T22:41:30 EST" time="17.297" errors="0">
  <testcase name="logoValidation" time="4.744" classname="com.class01.TitleLogoAndLoginVerification"/>
  <testcase name="titleValidation" time="6.089" classname="com.class01.TitleLogoAndLoginVerification"/>
  <testcase name="validLogin" time="6.464" classname="com.class01.TitleLogoAndLoginVerification"/>
</testsuite> <!-- com.class01.TitleLogoAndLoginVerification -->
