<?xml version="1.0" encoding="UTF-8"?>
<!-- Generated by org.testng.reporters.JUnitReportReporter -->
<testsuite skipped="0" hostname="Ayleens-Air.fios-router.home" name="com.class01.DifferentAnotations" tests="1" failures="0" timestamp="2020-01-11T14:22:15 EST" time="0.039" errors="0">
  <testcase name="test" time="0.039" classname="com.class01.DifferentAnotations"/>
</testsuite> <!-- com.class01.DifferentAnotations -->
