<?xml version="1.0" encoding="UTF-8"?>
<!-- Generated by org.testng.reporters.JUnitReportReporter -->
<testsuite skipped="0" hostname="Ayleens-Air.fios-router.home" name="com.class02.Task1" tests="1" failures="0" timestamp="2020-01-14T17:44:38 EST" time="23.192" errors="0">
  <testcase name="login" time="23.192" classname="com.class02.Task1"/>
</testsuite> <!-- com.class02.Task1 -->
